d:\공부\넷겜플\팀플\networkgameproject\maplestory\client\debug\client.pch
d:\공부\넷겜플\팀플\networkgameproject\maplestory\client\debug\vc141.pdb
d:\공부\넷겜플\팀플\networkgameproject\maplestory\client\debug\vc141.idb
d:\공부\넷겜플\팀플\networkgameproject\maplestory\client\debug\stdafx.obj
d:\공부\넷겜플\팀플\networkgameproject\maplestory\client\debug\line.obj
d:\공부\넷겜플\팀플\networkgameproject\maplestory\client\debug\leafcommunication.obj
d:\공부\넷겜플\팀플\networkgameproject\maplestory\client\debug\leaf.obj
d:\공부\넷겜플\팀플\networkgameproject\maplestory\client\debug\keymgr.obj
d:\공부\넷겜플\팀플\networkgameproject\maplestory\client\debug\green.obj
d:\공부\넷겜플\팀플\networkgameproject\maplestory\client\debug\gold.obj
d:\공부\넷겜플\팀플\networkgameproject\maplestory\client\debug\fourthfloor.obj
d:\공부\넷겜플\팀플\networkgameproject\maplestory\client\debug\font.obj
d:\공부\넷겜플\팀플\networkgameproject\maplestory\client\debug\floorbox.obj
d:\공부\넷겜플\팀플\networkgameproject\maplestory\client\debug\firstfloor.obj
d:\공부\넷겜플\팀플\networkgameproject\maplestory\client\debug\fire.obj
d:\공부\넷겜플\팀플\networkgameproject\maplestory\client\debug\fifthfloor.obj
d:\공부\넷겜플\팀플\networkgameproject\maplestory\client\debug\field.obj
d:\공부\넷겜플\팀플\networkgameproject\maplestory\client\debug\dragoneffect.obj
d:\공부\넷겜플\팀플\networkgameproject\maplestory\client\debug\dragon.obj
d:\공부\넷겜플\팀플\networkgameproject\maplestory\client\debug\commuication.obj
d:\공부\넷겜플\팀플\networkgameproject\maplestory\client\debug\collisionmgr.obj
d:\공부\넷겜플\팀플\networkgameproject\maplestory\client\debug\client.obj
d:\공부\넷겜플\팀플\networkgameproject\maplestory\client\debug\bitmapmgr.obj
d:\공부\넷겜플\팀플\networkgameproject\maplestory\client\debug\arrow.obj
d:\공부\넷겜플\팀플\networkgameproject\maplestory\client\debug\scenemgr.obj
d:\공부\넷겜플\팀플\networkgameproject\maplestory\client\debug\scene.obj
d:\공부\넷겜플\팀플\networkgameproject\maplestory\client\debug\rope.obj
d:\공부\넷겜플\팀플\networkgameproject\maplestory\client\debug\playermp.obj
d:\공부\넷겜플\팀플\networkgameproject\maplestory\client\debug\playerhp.obj
d:\공부\넷겜플\팀플\networkgameproject\maplestory\client\debug\playerexp.obj
d:\공부\넷겜플\팀플\networkgameproject\maplestory\client\debug\player.obj
d:\공부\넷겜플\팀플\networkgameproject\maplestory\client\debug\party.obj
d:\공부\넷겜플\팀플\networkgameproject\maplestory\client\debug\objmgr.obj
d:\공부\넷겜플\팀플\networkgameproject\maplestory\client\debug\obj.obj
d:\공부\넷겜플\팀플\networkgameproject\maplestory\client\debug\npc.obj
d:\공부\넷겜플\팀플\networkgameproject\maplestory\client\debug\mybmp.obj
d:\공부\넷겜플\팀플\networkgameproject\maplestory\client\debug\mushcouple.obj
d:\공부\넷겜플\팀플\networkgameproject\maplestory\client\debug\mouse.obj
d:\공부\넷겜플\팀플\networkgameproject\maplestory\client\debug\monster.obj
d:\공부\넷겜플\팀플\networkgameproject\maplestory\client\debug\mathmgr.obj
d:\공부\넷겜플\팀플\networkgameproject\maplestory\client\debug\makingplayer.obj
d:\공부\넷겜플\팀플\networkgameproject\maplestory\client\debug\maingame.obj
d:\공부\넷겜플\팀플\networkgameproject\maplestory\client\debug\logo.obj
d:\공부\넷겜플\팀플\networkgameproject\maplestory\client\debug\linemgr.obj
d:\공부\넷겜플\팀플\networkgameproject\maplestory\client\debug\wing.obj
d:\공부\넷겜플\팀플\networkgameproject\maplestory\client\debug\ui.obj
d:\공부\넷겜플\팀플\networkgameproject\maplestory\client\debug\thirdfloor.obj
d:\공부\넷겜플\팀플\networkgameproject\maplestory\client\debug\swingeffect.obj
d:\공부\넷겜플\팀플\networkgameproject\maplestory\client\debug\swing.obj
d:\공부\넷겜플\팀플\networkgameproject\maplestory\client\debug\stage1.obj
d:\공부\넷겜플\팀플\networkgameproject\maplestory\client\debug\soundmgr.obj
d:\공부\넷겜플\팀플\networkgameproject\maplestory\client\debug\skill.obj
d:\공부\넷겜플\팀플\networkgameproject\maplestory\client\debug\shoot.obj
d:\공부\넷겜플\팀플\networkgameproject\maplestory\client\debug\secondfloor.obj
d:\공부\넷겜플\팀플\networkgameproject\maplestory\debug\client.exe
d:\공부\넷겜플\팀플\networkgameproject\maplestory\debug\client.ilk
d:\공부\넷겜플\팀플\networkgameproject\maplestory\debug\client.pdb
d:\공부\넷겜플\팀플\networkgameproject\maplestory\client\debug\client.res
d:\공부\넷겜플\팀플\networkgameproject\maplestory\client\debug\client.tlog\cl.command.1.tlog
d:\공부\넷겜플\팀플\networkgameproject\maplestory\client\debug\client.tlog\cl.read.1.tlog
d:\공부\넷겜플\팀플\networkgameproject\maplestory\client\debug\client.tlog\cl.write.1.tlog
d:\공부\넷겜플\팀플\networkgameproject\maplestory\client\debug\client.tlog\link.command.1.tlog
d:\공부\넷겜플\팀플\networkgameproject\maplestory\client\debug\client.tlog\link.read.1.tlog
d:\공부\넷겜플\팀플\networkgameproject\maplestory\client\debug\client.tlog\link.write.1.tlog
d:\공부\넷겜플\팀플\networkgameproject\maplestory\client\debug\client.tlog\rc.command.1.tlog
d:\공부\넷겜플\팀플\networkgameproject\maplestory\client\debug\client.tlog\rc.read.1.tlog
d:\공부\넷겜플\팀플\networkgameproject\maplestory\client\debug\client.tlog\rc.write.1.tlog
